
ROM used:   85/8192 (1%)
            85/8192 (1%) including unused fragments

            0.1 Average locations per line
            4.0 Average locations per statement

RAM used:   8/368 (2%) at main() level
            8/368 (2%) worst case

Stack used: 0 worst case (0 in main + 0 for interrupts)
Stack size: 8

Lines Stmts  %   Files
----- ----- ---  -----
   43    21 100  main.c
   14     0   0  main.h
  707     0   0  D:\Program Files (x86)\PICC\Devices\16F877A.h
----- -----
  764    21 Total

Page ROM  %  RAM    Vol Diff  Functions:
---- --- --- ---    --- ----  ----------
0     22  26    1             @delay_ms1
0     59  69    1    475  3.8  main
 Inline         0             @cinit1

Program metrics:
    Functions               1
    Statements              21
    Comments                126
    Volume (V)              480
    Difficulty (D)          3.6
    Effort to implement (E) 1729
    Time to implement (T)   2 minutes
    Est Delivered Bugs (B)  0
    Cyclomatic Complexity   5
    Maintainability (MI)    39

 Segment     Used  Free
-----------  ----  ----
00000-00003     4  0  
00004-007FF    81  1963  
00800-00FFF     0  2048  
01000-017FF     0  2048  
01800-01FFF     0  2048  



